>> 01 * vs 02  
----------------- Available Tiles -----------------
          a b c d e f g h i j k l m n o p q r s t u
Player 1: 1 1 1 1 1 1 1 1 1 1 1 1 1 1 1 1 1 1 1 1 1
Player 2: 1 1 1 1 1 1 1 1 1 1 1 1 1 1 1 1 1 1 1 1 1
---------------------- Board ----------------------
   0 1 2 3 4 5 6 7 8 9 a b c d e f
 0 + + + + + + + + + + + + + + + +
 1 +                             +
 2 +                             +
 3 +                             +
 4 +                             +
 5 +                             +
 6 +                             +
 7 +                             +
 8 +                             +
 9 +                             +
 a +                             +
 b +                             +
 c +                             +
 d +                             +
 e +                             +
 f + + + + + + + + + + + + + + + +
---------------------------------------------------
turn 0: must cover (5,5)
Player 1:----------------- Available Tiles -----------------
          a b c d e f g h i j k l m n o p q r s t u
Player 1: 0 1 1 1 1 1 1 1 1 1 1 1 1 1 1 1 1 1 1 1 1
Player 2: 1 1 1 1 1 1 1 1 1 1 1 1 1 1 1 1 1 1 1 1 1
---------------------- Board ----------------------
   0 1 2 3 4 5 6 7 8 9 a b c d e f
 0 + + + + + + + + + + + + + + + +
 1 +                             +
 2 +                             +
 3 +                             +
 4 +                             +
 5 +         1                   +
 6 +                             +
 7 +                             +
 8 +                             +
 9 +                             +
 a +                             +
 b +                             +
 c +                             +
 d +                             +
 e +                             +
 f + + + + + + + + + + + + + + + +
---------------------------------------------------
turn 1
Player 2:INVALID MOVE! (move on where already occupied)
** Player 2 lost the game by violation (code -2). Tiles: 88 / 89, Score: -88 / -89
