>> 01 * vs 02  
----------------- Available Tiles -----------------
          a b c d e f g h i j k l m n o p q r s t u
Player 1: 1 1 1 1 1 1 1 1 1 1 1 1 1 1 1 1 1 1 1 1 1
Player 2: 1 1 1 1 1 1 1 1 1 1 1 1 1 1 1 1 1 1 1 1 1
---------------------- Board ----------------------
   0 1 2 3 4 5 6 7 8 9 a b c d e f
 0 + + + + + + + + + + + + + + + +
 1 +                             +
 2 +                             +
 3 +                             +
 4 +                             +
 5 +                             +
 6 +                             +
 7 +                             +
 8 +                             +
 9 +                             +
 a +                             +
 b +                             +
 c +                             +
 d +                             +
 e +                             +
 f + + + + + + + + + + + + + + + +
---------------------------------------------------
turn 0: must cover (5,5)
Player 1:----------------- Available Tiles -----------------
          a b c d e f g h i j k l m n o p q r s t u
Player 1: 1 1 1 1 0 1 1 1 1 1 1 1 1 1 1 1 1 1 1 1 1
Player 2: 1 1 1 1 1 1 1 1 1 1 1 1 1 1 1 1 1 1 1 1 1
---------------------- Board ----------------------
   0 1 2 3 4 5 6 7 8 9 a b c d e f
 0 + + + + + + + + + + + + + + + +
 1 +                             +
 2 +         1                   +
 3 +         1                   +
 4 +         1                   +
 5 +         1                   +
 6 +                             +
 7 +                             +
 8 +                             +
 9 +                             +
 a +                             +
 b +                             +
 c +                             +
 d +                             +
 e +                             +
 f + + + + + + + + + + + + + + + +
---------------------------------------------------
turn 1
Player 2:----------------- Available Tiles -----------------
          a b c d e f g h i j k l m n o p q r s t u
Player 1: 1 1 1 1 0 1 1 1 1 1 1 1 1 1 1 1 1 1 1 1 1
Player 2: 1 1 1 1 0 1 1 1 1 1 1 1 1 1 1 1 1 1 1 1 1
---------------------- Board ----------------------
   0 1 2 3 4 5 6 7 8 9 a b c d e f
 0 + + + + + + + + + + + + + + + +
 1 +                             +
 2 +         1                   +
 3 +         1                   +
 4 +         1                   +
 5 +         1                   +
 6 +                             +
 7 +                   2         +
 8 +                   2         +
 9 +                   2         +
 a +                   2         +
 b +                             +
 c +                             +
 d +                             +
 e +                             +
 f + + + + + + + + + + + + + + + +
---------------------------------------------------
turn 2
Player 1:----------------- Available Tiles -----------------
          a b c d e f g h i j k l m n o p q r s t u
Player 1: 1 1 1 1 0 1 1 1 1 1 0 1 1 1 1 1 1 1 1 1 1
Player 2: 1 1 1 1 0 1 1 1 1 1 1 1 1 1 1 1 1 1 1 1 1
---------------------- Board ----------------------
   0 1 2 3 4 5 6 7 8 9 a b c d e f
 0 + + + + + + + + + + + + + + + +
 1 + 1 1 1 1                     +
 2 + 1       1                   +
 3 +         1                   +
 4 +         1                   +
 5 +         1                   +
 6 +                             +
 7 +                   2         +
 8 +                   2         +
 9 +                   2         +
 a +                   2         +
 b +                             +
 c +                             +
 d +                             +
 e +                             +
 f + + + + + + + + + + + + + + + +
---------------------------------------------------
turn 3
Player 2:----------------- Available Tiles -----------------
          a b c d e f g h i j k l m n o p q r s t u
Player 1: 1 1 1 1 0 1 1 1 1 1 0 1 1 1 1 1 1 1 1 1 1
Player 2: 1 1 1 1 0 1 1 1 1 0 1 1 1 1 1 1 1 1 1 1 1
---------------------- Board ----------------------
   0 1 2 3 4 5 6 7 8 9 a b c d e f
 0 + + + + + + + + + + + + + + + +
 1 + 1 1 1 1                     +
 2 + 1       1       2           +
 3 +         1       2           +
 4 +         1       2           +
 5 +         1       2           +
 6 +                 2           +
 7 +                   2         +
 8 +                   2         +
 9 +                   2         +
 a +                   2         +
 b +                             +
 c +                             +
 d +                             +
 e +                             +
 f + + + + + + + + + + + + + + + +
---------------------------------------------------
turn 4
Player 1:----------------- Available Tiles -----------------
          a b c d e f g h i j k l m n o p q r s t u
Player 1: 0 1 1 1 0 1 1 1 1 1 0 1 1 1 1 1 1 1 1 1 1
Player 2: 1 1 1 1 0 1 1 1 1 0 1 1 1 1 1 1 1 1 1 1 1
---------------------- Board ----------------------
   0 1 2 3 4 5 6 7 8 9 a b c d e f
 0 + + + + + + + + + + + + + + + +
 1 + 1 1 1 1   1                 +
 2 + 1       1       2           +
 3 +         1       2           +
 4 +         1       2           +
 5 +         1       2           +
 6 +                 2           +
 7 +                   2         +
 8 +                   2         +
 9 +                   2         +
 a +                   2         +
 b +                             +
 c +                             +
 d +                             +
 e +                             +
 f + + + + + + + + + + + + + + + +
---------------------------------------------------
turn 5
Player 2:----------------- Available Tiles -----------------
          a b c d e f g h i j k l m n o p q r s t u
Player 1: 0 1 1 1 0 1 1 1 1 1 0 1 1 1 1 1 1 1 1 1 1
Player 2: 1 0 1 1 0 1 1 1 1 0 1 1 1 1 1 1 1 1 1 1 1
---------------------- Board ----------------------
   0 1 2 3 4 5 6 7 8 9 a b c d e f
 0 + + + + + + + + + + + + + + + +
 1 + 1 1 1 1   1 2 2             +
 2 + 1       1       2           +
 3 +         1       2           +
 4 +         1       2           +
 5 +         1       2           +
 6 +                 2           +
 7 +                   2         +
 8 +                   2         +
 9 +                   2         +
 a +                   2         +
 b +                             +
 c +                             +
 d +                             +
 e +                             +
 f + + + + + + + + + + + + + + + +
---------------------------------------------------
turn 6
Player 1:----------------- Available Tiles -----------------
          a b c d e f g h i j k l m n o p q r s t u
Player 1: 0 0 1 1 0 1 1 1 1 1 0 1 1 1 1 1 1 1 1 1 1
Player 2: 1 0 1 1 0 1 1 1 1 0 1 1 1 1 1 1 1 1 1 1 1
---------------------- Board ----------------------
   0 1 2 3 4 5 6 7 8 9 a b c d e f
 0 + + + + + + + + + + + + + + + +
 1 + 1 1 1 1   1 2 2             +
 2 + 1       1   1   2           +
 3 +         1   1   2           +
 4 +         1       2           +
 5 +         1       2           +
 6 +                 2           +
 7 +                   2         +
 8 +                   2         +
 9 +                   2         +
 a +                   2         +
 b +                             +
 c +                             +
 d +                             +
 e +                             +
 f + + + + + + + + + + + + + + + +
---------------------------------------------------
turn 7
Player 2:----------------- Available Tiles -----------------
          a b c d e f g h i j k l m n o p q r s t u
Player 1: 0 0 1 1 0 1 1 1 1 1 0 1 1 1 1 1 1 1 1 1 1
Player 2: 0 0 1 1 0 1 1 1 1 0 1 1 1 1 1 1 1 1 1 1 1
---------------------- Board ----------------------
   0 1 2 3 4 5 6 7 8 9 a b c d e f
 0 + + + + + + + + + + + + + + + +
 1 + 1 1 1 1   1 2 2   2         +
 2 + 1       1   1   2           +
 3 +         1   1   2           +
 4 +         1       2           +
 5 +         1       2           +
 6 +                 2           +
 7 +                   2         +
 8 +                   2         +
 9 +                   2         +
 a +                   2         +
 b +                             +
 c +                             +
 d +                             +
 e +                             +
 f + + + + + + + + + + + + + + + +
---------------------------------------------------
turn 8
Player 1:----------------- Available Tiles -----------------
          a b c d e f g h i j k l m n o p q r s t u
Player 1: 0 0 1 0 0 1 1 1 1 1 0 1 1 1 1 1 1 1 1 1 1
Player 2: 0 0 1 1 0 1 1 1 1 0 1 1 1 1 1 1 1 1 1 1 1
---------------------- Board ----------------------
   0 1 2 3 4 5 6 7 8 9 a b c d e f
 0 + + + + + + + + + + + + + + + +
 1 + 1 1 1 1   1 2 2   2         +
 2 + 1       1   1   2           +
 3 +   1 1   1   1   2           +
 4 +   1     1       2           +
 5 +         1       2           +
 6 +                 2           +
 7 +                   2         +
 8 +                   2         +
 9 +                   2         +
 a +                   2         +
 b +                             +
 c +                             +
 d +                             +
 e +                             +
 f + + + + + + + + + + + + + + + +
---------------------------------------------------
turn 9
Player 2:----------------- Available Tiles -----------------
          a b c d e f g h i j k l m n o p q r s t u
Player 1: 0 0 1 0 0 1 1 1 1 1 0 1 1 1 1 1 1 1 1 1 1
Player 2: 0 0 1 1 0 1 1 1 0 0 1 1 1 1 1 1 1 1 1 1 1
---------------------- Board ----------------------
   0 1 2 3 4 5 6 7 8 9 a b c d e f
 0 + + + + + + + + + + + + + + + +
 1 + 1 1 1 1   1 2 2   2   2 2   +
 2 + 1       1   1   2   2 2     +
 3 +   1 1   1   1   2           +
 4 +   1     1       2           +
 5 +         1       2           +
 6 +                 2           +
 7 +                   2         +
 8 +                   2         +
 9 +                   2         +
 a +                   2         +
 b +                             +
 c +                             +
 d +                             +
 e +                             +
 f + + + + + + + + + + + + + + + +
---------------------------------------------------
turn 10
Player 1:----------------- Available Tiles -----------------
          a b c d e f g h i j k l m n o p q r s t u
Player 1: 0 0 1 0 0 1 1 1 0 1 0 1 1 1 1 1 1 1 1 1 1
Player 2: 0 0 1 1 0 1 1 1 0 0 1 1 1 1 1 1 1 1 1 1 1
---------------------- Board ----------------------
   0 1 2 3 4 5 6 7 8 9 a b c d e f
 0 + + + + + + + + + + + + + + + +
 1 + 1 1 1 1   1 2 2   2   2 2   +
 2 + 1       1   1   2   2 2     +
 3 +   1 1   1   1   2           +
 4 +   1     1       2           +
 5 +         1   1 1 2           +
 6 +           1 1   2           +
 7 +                   2         +
 8 +                   2         +
 9 +                   2         +
 a +                   2         +
 b +                             +
 c +                             +
 d +                             +
 e +                             +
 f + + + + + + + + + + + + + + + +
---------------------------------------------------
turn 11
Player 2:----------------- Available Tiles -----------------
          a b c d e f g h i j k l m n o p q r s t u
Player 1: 0 0 1 0 0 1 1 1 0 1 0 1 1 1 1 1 1 1 1 1 1
Player 2: 0 0 0 1 0 1 1 1 0 0 1 1 1 1 1 1 1 1 1 1 1
---------------------- Board ----------------------
   0 1 2 3 4 5 6 7 8 9 a b c d e f
 0 + + + + + + + + + + + + + + + +
 1 + 1 1 1 1   1 2 2   2   2 2   +
 2 + 1       1 2 1   2   2 2     +
 3 +   1 1   1 2 1   2           +
 4 +   1     1 2     2           +
 5 +         1   1 1 2           +
 6 +           1 1   2           +
 7 +                   2         +
 8 +                   2         +
 9 +                   2         +
 a +                   2         +
 b +                             +
 c +                             +
 d +                             +
 e +                             +
 f + + + + + + + + + + + + + + + +
---------------------------------------------------
turn 12
Player 1:----------------- Available Tiles -----------------
          a b c d e f g h i j k l m n o p q r s t u
Player 1: 0 0 0 0 0 1 1 1 0 1 0 1 1 1 1 1 1 1 1 1 1
Player 2: 0 0 0 1 0 1 1 1 0 0 1 1 1 1 1 1 1 1 1 1 1
---------------------- Board ----------------------
   0 1 2 3 4 5 6 7 8 9 a b c d e f
 0 + + + + + + + + + + + + + + + +
 1 + 1 1 1 1   1 2 2   2   2 2   +
 2 + 1       1 2 1   2   2 2     +
 3 +   1 1   1 2 1   2           +
 4 +   1     1 2     2           +
 5 + 1       1   1 1 2           +
 6 + 1         1 1   2           +
 7 + 1                 2         +
 8 +                   2         +
 9 +                   2         +
 a +                   2         +
 b +                             +
 c +                             +
 d +                             +
 e +                             +
 f + + + + + + + + + + + + + + + +
---------------------------------------------------
turn 13
Player 2:----------------- Available Tiles -----------------
          a b c d e f g h i j k l m n o p q r s t u
Player 1: 0 0 0 0 0 1 1 1 0 1 0 1 1 1 1 1 1 1 1 1 1
Player 2: 0 0 0 0 0 1 1 1 0 0 1 1 1 1 1 1 1 1 1 1 1
---------------------- Board ----------------------
   0 1 2 3 4 5 6 7 8 9 a b c d e f
 0 + + + + + + + + + + + + + + + +
 1 + 1 1 1 1   1 2 2   2   2 2   +
 2 + 1       1 2 1   2   2 2     +
 3 +   1 1   1 2 1   2       2 2 +
 4 +   1     1 2     2       2   +
 5 + 1       1   1 1 2           +
 6 + 1         1 1   2           +
 7 + 1                 2         +
 8 +                   2         +
 9 +                   2         +
 a +                   2         +
 b +                             +
 c +                             +
 d +                             +
 e +                             +
 f + + + + + + + + + + + + + + + +
---------------------------------------------------
turn 14
Player 1:----------------- Available Tiles -----------------
          a b c d e f g h i j k l m n o p q r s t u
Player 1: 0 0 0 0 0 0 1 1 0 1 0 1 1 1 1 1 1 1 1 1 1
Player 2: 0 0 0 0 0 1 1 1 0 0 1 1 1 1 1 1 1 1 1 1 1
---------------------- Board ----------------------
   0 1 2 3 4 5 6 7 8 9 a b c d e f
 0 + + + + + + + + + + + + + + + +
 1 + 1 1 1 1   1 2 2   2   2 2   +
 2 + 1       1 2 1   2   2 2     +
 3 +   1 1   1 2 1   2       2 2 +
 4 +   1     1 2     2       2   +
 5 + 1   1   1   1 1 2           +
 6 + 1   1     1 1   2           +
 7 + 1   1 1           2         +
 8 +                   2         +
 9 +                   2         +
 a +                   2         +
 b +                             +
 c +                             +
 d +                             +
 e +                             +
 f + + + + + + + + + + + + + + + +
---------------------------------------------------
turn 15
Player 2:----------------- Available Tiles -----------------
          a b c d e f g h i j k l m n o p q r s t u
Player 1: 0 0 0 0 0 0 1 1 0 1 0 1 1 1 1 1 1 1 1 1 1
Player 2: 0 0 0 0 0 0 1 1 0 0 1 1 1 1 1 1 1 1 1 1 1
---------------------- Board ----------------------
   0 1 2 3 4 5 6 7 8 9 a b c d e f
 0 + + + + + + + + + + + + + + + +
 1 + 1 1 1 1   1 2 2   2   2 2   +
 2 + 1       1 2 1   2   2 2     +
 3 +   1 1   1 2 1   2       2 2 +
 4 +   1     1 2     2   2   2   +
 5 + 1   1   1   1 1 2   2       +
 6 + 1   1     1 1   2   2 2     +
 7 + 1   1 1           2         +
 8 +                   2         +
 9 +                   2         +
 a +                   2         +
 b +                             +
 c +                             +
 d +                             +
 e +                             +
 f + + + + + + + + + + + + + + + +
---------------------------------------------------
turn 16
Player 1:----------------- Available Tiles -----------------
          a b c d e f g h i j k l m n o p q r s t u
Player 1: 0 0 0 0 0 0 1 0 0 1 0 1 1 1 1 1 1 1 1 1 1
Player 2: 0 0 0 0 0 0 1 1 0 0 1 1 1 1 1 1 1 1 1 1 1
---------------------- Board ----------------------
   0 1 2 3 4 5 6 7 8 9 a b c d e f
 0 + + + + + + + + + + + + + + + +
 1 + 1 1 1 1   1 2 2   2   2 2   +
 2 + 1       1 2 1   2   2 2     +
 3 +   1 1   1 2 1   2       2 2 +
 4 +   1     1 2     2   2   2   +
 5 + 1   1   1   1 1 2   2       +
 6 + 1   1     1 1   2   2 2     +
 7 + 1   1 1       1 1 2         +
 8 +               1 1 2         +
 9 +                   2         +
 a +                   2         +
 b +                             +
 c +                             +
 d +                             +
 e +                             +
 f + + + + + + + + + + + + + + + +
---------------------------------------------------
turn 17
Player 2:----------------- Available Tiles -----------------
          a b c d e f g h i j k l m n o p q r s t u
Player 1: 0 0 0 0 0 0 1 0 0 1 0 1 1 1 1 1 1 1 1 1 1
Player 2: 0 0 0 0 0 0 1 0 0 0 1 1 1 1 1 1 1 1 1 1 1
---------------------- Board ----------------------
   0 1 2 3 4 5 6 7 8 9 a b c d e f
 0 + + + + + + + + + + + + + + + +
 1 + 1 1 1 1   1 2 2   2   2 2   +
 2 + 1       1 2 1   2   2 2     +
 3 +   1 1   1 2 1   2       2 2 +
 4 +   1     1 2     2   2   2   +
 5 + 1   1   1   1 1 2   2       +
 6 + 1   1     1 1   2   2 2     +
 7 + 1   1 1       1 1 2     2 2 +
 8 +               1 1 2     2 2 +
 9 +                   2         +
 a +                   2         +
 b +                             +
 c +                             +
 d +                             +
 e +                             +
 f + + + + + + + + + + + + + + + +
---------------------------------------------------
turn 18
Player 1:----------------- Available Tiles -----------------
          a b c d e f g h i j k l m n o p q r s t u
Player 1: 0 0 0 0 0 0 1 0 0 0 0 1 1 1 1 1 1 1 1 1 1
Player 2: 0 0 0 0 0 0 1 0 0 0 1 1 1 1 1 1 1 1 1 1 1
---------------------- Board ----------------------
   0 1 2 3 4 5 6 7 8 9 a b c d e f
 0 + + + + + + + + + + + + + + + +
 1 + 1 1 1 1   1 2 2   2   2 2   +
 2 + 1       1 2 1   2 1 2 2     +
 3 +   1 1   1 2 1   2 1     2 2 +
 4 +   1     1 2     2 1 2   2   +
 5 + 1   1   1   1 1 2 1 2       +
 6 + 1   1     1 1   2 1 2 2     +
 7 + 1   1 1       1 1 2     2 2 +
 8 +               1 1 2     2 2 +
 9 +                   2         +
 a +                   2         +
 b +                             +
 c +                             +
 d +                             +
 e +                             +
 f + + + + + + + + + + + + + + + +
---------------------------------------------------
turn 19
Player 2:----------------- Available Tiles -----------------
          a b c d e f g h i j k l m n o p q r s t u
Player 1: 0 0 0 0 0 0 1 0 0 0 0 1 1 1 1 1 1 1 1 1 1
Player 2: 0 0 0 0 0 0 1 0 0 0 1 0 1 1 1 1 1 1 1 1 1
---------------------- Board ----------------------
   0 1 2 3 4 5 6 7 8 9 a b c d e f
 0 + + + + + + + + + + + + + + + +
 1 + 1 1 1 1   1 2 2   2   2 2   +
 2 + 1       1 2 1   2 1 2 2     +
 3 +   1 1   1 2 1   2 1     2 2 +
 4 +   1     1 2     2 1 2   2   +
 5 + 1   1   1   1 1 2 1 2       +
 6 + 1   1     1 1   2 1 2 2     +
 7 + 1   1 1       1 1 2     2 2 +
 8 +               1 1 2     2 2 +
 9 +                   2         +
 a +           2 2 2   2         +
 b +               2 2           +
 c +                             +
 d +                             +
 e +                             +
 f + + + + + + + + + + + + + + + +
---------------------------------------------------
turn 20
Player 1:----------------- Available Tiles -----------------
          a b c d e f g h i j k l m n o p q r s t u
Player 1: 0 0 0 0 0 0 0 0 0 0 0 1 1 1 1 1 1 1 1 1 1
Player 2: 0 0 0 0 0 0 1 0 0 0 1 0 1 1 1 1 1 1 1 1 1
---------------------- Board ----------------------
   0 1 2 3 4 5 6 7 8 9 a b c d e f
 0 + + + + + + + + + + + + + + + +
 1 + 1 1 1 1   1 2 2   2   2 2   +
 2 + 1       1 2 1   2 1 2 2     +
 3 +   1 1   1 2 1   2 1     2 2 +
 4 +   1     1 2     2 1 2   2   +
 5 + 1   1   1   1 1 2 1 2       +
 6 + 1   1     1 1   2 1 2 2     +
 7 + 1   1 1       1 1 2 1   2 2 +
 8 +               1 1 2 1 1 2 2 +
 9 +                   2 1       +
 a +           2 2 2   2         +
 b +               2 2           +
 c +                             +
 d +                             +
 e +                             +
 f + + + + + + + + + + + + + + + +
---------------------------------------------------
turn 21
Player 2:----------------- Available Tiles -----------------
          a b c d e f g h i j k l m n o p q r s t u
Player 1: 0 0 0 0 0 0 0 0 0 0 0 1 1 1 1 1 1 1 1 1 1
Player 2: 0 0 0 0 0 0 1 0 0 0 0 0 1 1 1 1 1 1 1 1 1
---------------------- Board ----------------------
   0 1 2 3 4 5 6 7 8 9 a b c d e f
 0 + + + + + + + + + + + + + + + +
 1 + 1 1 1 1   1 2 2   2   2 2   +
 2 + 1       1 2 1   2 1 2 2     +
 3 +   1 1   1 2 1   2 1     2 2 +
 4 +   1     1 2     2 1 2   2   +
 5 + 1   1   1   1 1 2 1 2       +
 6 + 1   1 2 2 1 1   2 1 2 2     +
 7 + 1   1 1 2     1 1 2 1   2 2 +
 8 +         2     1 1 2 1 1 2 2 +
 9 +         2         2 1       +
 a +           2 2 2   2         +
 b +               2 2           +
 c +                             +
 d +                             +
 e +                             +
 f + + + + + + + + + + + + + + + +
---------------------------------------------------
turn 22
Player 1:----------------- Available Tiles -----------------
          a b c d e f g h i j k l m n o p q r s t u
Player 1: 0 0 0 0 0 0 0 0 0 0 0 0 1 1 1 1 1 1 1 1 1
Player 2: 0 0 0 0 0 0 1 0 0 0 0 0 1 1 1 1 1 1 1 1 1
---------------------- Board ----------------------
   0 1 2 3 4 5 6 7 8 9 a b c d e f
 0 + + + + + + + + + + + + + + + +
 1 + 1 1 1 1   1 2 2   2   2 2   +
 2 + 1       1 2 1   2 1 2 2     +
 3 +   1 1   1 2 1   2 1     2 2 +
 4 +   1     1 2     2 1 2   2   +
 5 + 1   1   1   1 1 2 1 2       +
 6 + 1   1 2 2 1 1   2 1 2 2     +
 7 + 1   1 1 2     1 1 2 1   2 2 +
 8 +   1     2     1 1 2 1 1 2 2 +
 9 + 1 1     2         2 1       +
 a + 1         2 2 2   2         +
 b + 1             2 2           +
 c +                             +
 d +                             +
 e +                             +
 f + + + + + + + + + + + + + + + +
---------------------------------------------------
turn 23
Player 2:----------------- Available Tiles -----------------
          a b c d e f g h i j k l m n o p q r s t u
Player 1: 0 0 0 0 0 0 0 0 0 0 0 0 1 1 1 1 1 1 1 1 1
Player 2: 0 0 0 0 0 0 1 0 0 0 0 0 1 1 1 0 1 1 1 1 1
---------------------- Board ----------------------
   0 1 2 3 4 5 6 7 8 9 a b c d e f
 0 + + + + + + + + + + + + + + + +
 1 + 1 1 1 1   1 2 2   2   2 2   +
 2 + 1       1 2 1   2 1 2 2     +
 3 +   1 1   1 2 1   2 1     2 2 +
 4 +   1     1 2     2 1 2   2   +
 5 + 1   1   1   1 1 2 1 2       +
 6 + 1   1 2 2 1 1   2 1 2 2     +
 7 + 1   1 1 2     1 1 2 1   2 2 +
 8 +   1 2   2     1 1 2 1 1 2 2 +
 9 + 1 1 2   2         2 1       +
 a + 1 2 2 2   2 2 2   2         +
 b + 1             2 2           +
 c +                             +
 d +                             +
 e +                             +
 f + + + + + + + + + + + + + + + +
---------------------------------------------------
turn 24
Player 1:----------------- Available Tiles -----------------
          a b c d e f g h i j k l m n o p q r s t u
Player 1: 0 0 0 0 0 0 0 0 0 0 0 0 1 1 1 1 0 1 1 1 1
Player 2: 0 0 0 0 0 0 1 0 0 0 0 0 1 1 1 0 1 1 1 1 1
---------------------- Board ----------------------
   0 1 2 3 4 5 6 7 8 9 a b c d e f
 0 + + + + + + + + + + + + + + + +
 1 + 1 1 1 1   1 2 2   2   2 2   +
 2 + 1       1 2 1   2 1 2 2     +
 3 +   1 1   1 2 1   2 1     2 2 +
 4 +   1     1 2     2 1 2   2   +
 5 + 1   1   1   1 1 2 1 2       +
 6 + 1   1 2 2 1 1   2 1 2 2     +
 7 + 1   1 1 2     1 1 2 1   2 2 +
 8 +   1 2   2     1 1 2 1 1 2 2 +
 9 + 1 1 2   2         2 1       +
 a + 1 2 2 2   2 2 2   2   1 1 1 +
 b + 1             2 2     1     +
 c +                       1     +
 d +                             +
 e +                             +
 f + + + + + + + + + + + + + + + +
---------------------------------------------------
turn 25
Player 2:----------------- Available Tiles -----------------
          a b c d e f g h i j k l m n o p q r s t u
Player 1: 0 0 0 0 0 0 0 0 0 0 0 0 1 1 1 1 0 1 1 1 1
Player 2: 0 0 0 0 0 0 1 0 0 0 0 0 1 1 1 0 1 0 1 1 1
---------------------- Board ----------------------
   0 1 2 3 4 5 6 7 8 9 a b c d e f
 0 + + + + + + + + + + + + + + + +
 1 + 1 1 1 1   1 2 2   2   2 2   +
 2 + 1       1 2 1   2 1 2 2     +
 3 +   1 1   1 2 1   2 1     2 2 +
 4 +   1     1 2     2 1 2   2   +
 5 + 1   1   1   1 1 2 1 2       +
 6 + 1   1 2 2 1 1   2 1 2 2     +
 7 + 1   1 1 2     1 1 2 1   2 2 +
 8 +   1 2   2     1 1 2 1 1 2 2 +
 9 + 1 1 2   2         2 1       +
 a + 1 2 2 2   2 2 2   2   1 1 1 +
 b + 1       2     2 2     1     +
 c +       2 2             1     +
 d +     2 2                     +
 e +                             +
 f + + + + + + + + + + + + + + + +
---------------------------------------------------
turn 26
Player 1:----------------- Available Tiles -----------------
          a b c d e f g h i j k l m n o p q r s t u
Player 1: 0 0 0 0 0 0 0 0 0 0 0 0 1 1 1 1 0 0 1 1 1
Player 2: 0 0 0 0 0 0 1 0 0 0 0 0 1 1 1 0 1 0 1 1 1
---------------------- Board ----------------------
   0 1 2 3 4 5 6 7 8 9 a b c d e f
 0 + + + + + + + + + + + + + + + +
 1 + 1 1 1 1   1 2 2   2   2 2   +
 2 + 1       1 2 1   2 1 2 2     +
 3 +   1 1   1 2 1   2 1     2 2 +
 4 +   1     1 2     2 1 2   2   +
 5 + 1   1   1   1 1 2 1 2       +
 6 + 1   1 2 2 1 1   2 1 2 2     +
 7 + 1   1 1 2     1 1 2 1   2 2 +
 8 +   1 2   2     1 1 2 1 1 2 2 +
 9 + 1 1 2   2         2 1       +
 a + 1 2 2 2   2 2 2   2   1 1 1 +
 b + 1   1   2     2 2     1     +
 c +   1 1 2 2             1     +
 d + 1 1 2 2                     +
 e +                             +
 f + + + + + + + + + + + + + + + +
---------------------------------------------------
turn 27
Player 2:----------------- Available Tiles -----------------
          a b c d e f g h i j k l m n o p q r s t u
Player 1: 0 0 0 0 0 0 0 0 0 0 0 0 1 1 1 1 0 0 1 1 1
Player 2: 0 0 0 0 0 0 0 0 0 0 0 0 1 1 1 0 1 0 1 1 1
---------------------- Board ----------------------
   0 1 2 3 4 5 6 7 8 9 a b c d e f
 0 + + + + + + + + + + + + + + + +
 1 + 1 1 1 1   1 2 2   2   2 2   +
 2 + 1       1 2 1   2 1 2 2     +
 3 +   1 1   1 2 1   2 1     2 2 +
 4 +   1     1 2     2 1 2   2   +
 5 + 1   1   1   1 1 2 1 2       +
 6 + 1   1 2 2 1 1   2 1 2 2     +
 7 + 1   1 1 2     1 1 2 1   2 2 +
 8 +   1 2   2     1 1 2 1 1 2 2 +
 9 + 1 1 2   2         2 1       +
 a + 1 2 2 2   2 2 2   2   1 1 1 +
 b + 1   1   2     2 2   2 1     +
 c +   1 1 2 2         2 2 1     +
 d + 1 1 2 2             2       +
 e +                             +
 f + + + + + + + + + + + + + + + +
---------------------------------------------------
turn 28
Player 1:----------------- Available Tiles -----------------
          a b c d e f g h i j k l m n o p q r s t u
Player 1: 0 0 0 0 0 0 0 0 0 0 0 0 0 1 1 1 0 0 1 1 1
Player 2: 0 0 0 0 0 0 0 0 0 0 0 0 1 1 1 0 1 0 1 1 1
---------------------- Board ----------------------
   0 1 2 3 4 5 6 7 8 9 a b c d e f
 0 + + + + + + + + + + + + + + + +
 1 + 1 1 1 1   1 2 2   2   2 2   +
 2 + 1       1 2 1   2 1 2 2     +
 3 +   1 1   1 2 1   2 1     2 2 +
 4 +   1     1 2     2 1 2   2   +
 5 + 1   1   1   1 1 2 1 2       +
 6 + 1   1 2 2 1 1   2 1 2 2     +
 7 + 1   1 1 2     1 1 2 1   2 2 +
 8 +   1 2   2     1 1 2 1 1 2 2 +
 9 + 1 1 2   2         2 1       +
 a + 1 2 2 2   2 2 2   2   1 1 1 +
 b + 1   1   2     2 2   2 1     +
 c +   1 1 2 2         2 2 1   1 +
 d + 1 1 2 2             2   1 1 +
 e +                         1 1 +
 f + + + + + + + + + + + + + + + +
---------------------------------------------------
turn 29
Player 2:----------------- Available Tiles -----------------
          a b c d e f g h i j k l m n o p q r s t u
Player 1: 0 0 0 0 0 0 0 0 0 0 0 0 0 1 1 1 0 0 1 1 1
Player 2: 0 0 0 0 0 0 0 0 0 0 0 0 0 1 1 0 1 0 1 1 1
---------------------- Board ----------------------
   0 1 2 3 4 5 6 7 8 9 a b c d e f
 0 + + + + + + + + + + + + + + + +
 1 + 1 1 1 1   1 2 2   2   2 2   +
 2 + 1       1 2 1   2 1 2 2     +
 3 +   1 1   1 2 1   2 1     2 2 +
 4 +   1     1 2     2 1 2   2   +
 5 + 1   1   1   1 1 2 1 2       +
 6 + 1   1 2 2 1 1   2 1 2 2     +
 7 + 1   1 1 2     1 1 2 1   2 2 +
 8 +   1 2   2     1 1 2 1 1 2 2 +
 9 + 1 1 2   2         2 1       +
 a + 1 2 2 2   2 2 2   2   1 1 1 +
 b + 1   1   2     2 2   2 1     +
 c +   1 1 2 2   2     2 2 1   1 +
 d + 1 1 2 2   2 2       2   1 1 +
 e +           2 2           1 1 +
 f + + + + + + + + + + + + + + + +
---------------------------------------------------
turn 30
(not asking move on console)
turn 31
(not asking move on console)
Both pass!
** Tiles: 30 / 30, Score: -30 / -30. Draw game.
